[1110/103519.732:ERROR:process_info.cc(329)] VirtualQueryEx: 拒绝访问。 (0x5)
[1110/103519.734:ERROR:process_info.cc(556)] ReadMemoryInfo failed
[1110/103519.735:ERROR:scoped_process_suspend.cc(40)] NtResumeProcess: 已尝试访问正在退出的过程。 (0xc000010a)
[1112/193149.251:ERROR:process_reader_win.cc(123)] NtOpenThread: {无法访问} 过程已请求访问一对象，但未给访问权限。 (0xc0000022)
[1112/193149.236:ERROR:process_reader_win.cc(123)] NtOpenThread: {无法访问} 过程已请求访问一对象，但未给访问权限。 (0xc0000022)
[1112/193149.266:ERROR:process_reader_win.cc(123)] NtOpenThread: {无法访问} 过程已请求访问一对象，但未给访问权限。 (0xc0000022)
[1112/193149.266:ERROR:exception_snapshot_win.cc(99)] thread ID 7696 not found in process
[1112/193149.266:ERROR:process_reader_win.cc(123)] NtOpenThread: {无法访问} 过程已请求访问一对象，但未给访问权限。 (0xc0000022)
[1112/193149.266:ERROR:exception_snapshot_win.cc(99)] thread ID 8968 not found in process
[1112/193149.267:ERROR:exception_snapshot_win.cc(99)] thread ID 4992 not found in process
[1112/193149.267:ERROR:exception_snapshot_win.cc(99)] thread ID 22232 not found in process
[1112/193149.268:ERROR:process_reader_win.cc(123)] NtOpenThread: {无法访问} 过程已请求访问一对象，但未给访问权限。 (0xc0000022)
[1112/193149.268:ERROR:exception_snapshot_win.cc(99)] thread ID 4912 not found in process
[1112/193149.273:ERROR:process_reader_win.cc(123)] NtOpenThread: {无法访问} 过程已请求访问一对象，但未给访问权限。 (0xc0000022)
[1112/193149.274:ERROR:exception_snapshot_win.cc(99)] thread ID 24368 not found in process
[1112/193149.273:ERROR:process_reader_win.cc(123)] NtOpenThread: {无法访问} 过程已请求访问一对象，但未给访问权限。 (0xc0000022)
[1112/193149.274:ERROR:exception_snapshot_win.cc(99)] thread ID 19248 not found in process
[1112/193149.240:ERROR:process_reader_win.cc(123)] NtOpenThread: {无法访问} 过程已请求访问一对象，但未给访问权限。 (0xc0000022)
[1112/193149.274:ERROR:exception_snapshot_win.cc(99)] thread ID 28484 not found in process
[1112/193149.278:ERROR:process_reader_win.cc(123)] NtOpenThread: {无法访问} 过程已请求访问一对象，但未给访问权限。 (0xc0000022)
[1112/193149.279:ERROR:exception_snapshot_win.cc(99)] thread ID 16196 not found in process
[1112/193149.330:ERROR:process_reader_win.cc(123)] NtOpenThread: {无法访问} 过程已请求访问一对象，但未给访问权限。 (0xc0000022)
[1112/193149.330:ERROR:exception_snapshot_win.cc(99)] thread ID 29228 not found in process
